GROUP,PACKAGE,CLASS,INSTRUCTION_MISSED,INSTRUCTION_COVERED,BRANCH_MISSED,BRANCH_COVERED,LINE_MISSED,LINE_COVERED,COMPLEXITY_MISSED,COMPLEXITY_COVERED,METHOD_MISSED,METHOD_COVERED
microservice-diabetesReport,com.mdiabetesReport.exception,ErrorResponse,31,0,0,0,14,0,9,0,9,0
microservice-diabetesReport,com.mdiabetesReport.exception,ResourceNotFoundException,6,10,0,0,2,4,2,1,2,1
microservice-diabetesReport,com.mdiabetesReport.exception,ControllerAdvisor,50,3,0,0,11,1,2,1,2,1
microservice-diabetesReport,com.mdiabetesReport.model,Patient,0,33,0,0,0,6,0,6,0,6
microservice-diabetesReport,com.mdiabetesReport.controller,DiabetesReportController,0,102,0,0,0,12,0,4,0,4
microservice-diabetesReport,com.mdiabetesReport.helper,HelperClass,4,35,3,5,1,7,4,4,1,3
microservice-diabetesReport,com.mdiabetesReport.service,DiabetesReportServiceImpl,186,193,72,12,19,33,44,11,3,10
microservice-diabetesReport,com.mdiabetesReport.dto,NoteDTO,3,18,0,0,1,3,1,3,1,3
microservice-diabetesReport,com.mdiabetesReport.dto,PatientInfo,0,39,0,0,0,7,0,7,0,7
microservice-diabetesReport,com.mdiabetesReport.filter,NoteFilter,3,39,0,2,1,9,1,3,1,2
microservice-diabetesReport,com.mdiabetesReport.util,StringSplitter,3,28,0,2,1,7,1,2,1,1
microservice-diabetesReport,com.mdiabetesReport.util,KeywordsFileReader,0,14,0,0,0,4,0,2,0,2
microservice-diabetesReport,com.mdiabetesReport.config,KeywordsFileReaderModule,0,8,0,0,0,2,0,2,0,2
microservice-diabetesReport,com.mdiabetesReport,MicroserviceDiabetesApplication,5,3,0,0,2,1,1,1,1,1
