GROUP,PACKAGE,CLASS,INSTRUCTION_MISSED,INSTRUCTION_COVERED,BRANCH_MISSED,BRANCH_COVERED,LINE_MISSED,LINE_COVERED,COMPLEXITY_MISSED,COMPLEXITY_COVERED,METHOD_MISSED,METHOD_COVERED
microservice-patient,com.mpatient,MicroservicePatientApplication,5,3,0,0,2,1,1,1,1,1
microservice-patient,com.mpatient.exception,ResourceNotFoundException,6,10,0,0,2,4,2,1,2,1
microservice-patient,com.mpatient.exception,ErrorResponse,31,0,0,0,14,0,9,0,9,0
microservice-patient,com.mpatient.exception,ControllerAdvisor,50,3,0,0,11,1,2,1,2,1
microservice-patient,com.mpatient.model,Patient,0,76,0,0,0,10,0,16,0,16
microservice-patient,com.mpatient.service,PatientServiceImpl,42,124,0,0,0,29,3,8,3,8
microservice-patient,com.mpatient.dto,PatientRegistrationDTO,0,66,0,0,0,9,0,14,0,14
microservice-patient,com.mpatient.controller,PatientController,0,63,0,0,0,14,0,7,0,7
