<?xml version="1.0" encoding="UTF-8"?>
<testsuite xmlns:xsi="http://www.w3.org/2001/XMLSchema-instance" xsi:noNamespaceSchemaLocation="https://maven.apache.org/surefire/maven-surefire-plugin/xsd/surefire-test-report.xsd" name="com.mnote.controller.PatientHistoryControllerTest" time="5.01" tests="7" errors="0" skipped="0" failures="0">
  <properties>
[...]
</properties>
  <testcase name="shouldReturn200WhenNoteIsFoundByItsId" classname="com.mnote.controller.PatientHistoryControllerTest" time="0.256"/>
  <testcase name="shouldReturn400WhenErrorOnPatientFields" classname="com.mnote.controller.PatientHistoryControllerTest" time="0.189"/>
  <testcase name="shouldReturn400WhenErrorsOnDataOfNoteToUpdate" classname="com.mnote.controller.PatientHistoryControllerTest" time="0.012"/>
  <testcase name="shouldReturn200WhenNoteIsSaved" classname="com.mnote.controller.PatientHistoryControllerTest" time="0.017"/>
  <testcase name="shouldReturn200WhenPatientNotesUpdated" classname="com.mnote.controller.PatientHistoryControllerTest" time="0.013"/>
  <testcase name="shouldReturn200WhenAllNotesAreFound" classname="com.mnote.controller.PatientHistoryControllerTest" time="0.02"/>
  <testcase name="shouldReturn200WhenAllPatientNotesAreFoundById" classname="com.mnote.controller.PatientHistoryControllerTest" time="0.01"/>
</testsuite>